<?xml version="1.0" encoding="UTF-8"?>
<testsuite xmlns:xsi="http://www.w3.org/2001/XMLSchema-instance" xsi:noNamespaceSchemaLocation="https://maven.apache.org/surefire/maven-surefire-plugin/xsd/surefire-test-report.xsd" name="nl.myndocs.oauth2.PasswordGrantTokenServiceTest" time="0.337" tests="9" errors="0" skipped="0" failures="0">
  <properties>
[...]
</properties>
  <testcase name="missingPasswordException" classname="nl.myndocs.oauth2.PasswordGrantTokenServiceTest" time="0.006"/>
  <testcase name="invalidClientException" classname="nl.myndocs.oauth2.PasswordGrantTokenServiceTest" time="0.007"/>
  <testcase name="invalidIdentityScopeException" classname="nl.myndocs.oauth2.PasswordGrantTokenServiceTest" time="0.216"/>
  <testcase name="validPasswordGrant" classname="nl.myndocs.oauth2.PasswordGrantTokenServiceTest" time="0.028"/>
  <testcase name="invalidRequestClientScopeException" classname="nl.myndocs.oauth2.PasswordGrantTokenServiceTest" time="0.01"/>
  <testcase name="nonExistingClientException" classname="nl.myndocs.oauth2.PasswordGrantTokenServiceTest" time="0.003"/>
  <testcase name="clientScopesAsFallback" classname="nl.myndocs.oauth2.PasswordGrantTokenServiceTest" time="0.019"/>
  <testcase name="missingUsernameException" classname="nl.myndocs.oauth2.PasswordGrantTokenServiceTest" time="0.009"/>
  <testcase name="invalidIdentityException" classname="nl.myndocs.oauth2.PasswordGrantTokenServiceTest" time="0.009"/>
</testsuite>