<?xml version="1.0" encoding="UTF-8"?>
<testsuite xmlns:xsi="http://www.w3.org/2001/XMLSchema-instance" xsi:noNamespaceSchemaLocation="https://maven.apache.org/surefire/maven-surefire-plugin/xsd/surefire-test-report.xsd" name="nl.myndocs.oauth2.javalin.integration.JavalinIntegrationTest" time="1.103" tests="3" errors="0" skipped="0" failures="0">
  <properties>
[...]
</properties>
  <testcase name="test authorization grant flow" classname="nl.myndocs.oauth2.javalin.integration.JavalinIntegrationTest" time="0.548"/>
  <testcase name="test client credentials flow" classname="nl.myndocs.oauth2.javalin.integration.JavalinIntegrationTest" time="0.029"/>
  <testcase name="test password grant flow" classname="nl.myndocs.oauth2.javalin.integration.JavalinIntegrationTest" time="0.029"/>
</testsuite>